1702556453014	geckodriver	INFO	Listening on 127.0.0.1:57696
1702556456059	mozrunner::runner	INFO	Running command: "C:\\Program Files\\Mozilla Firefox\\firefox.exe" "--marionette" "--remote-debugging-port" "57697" "--remote-allow-hosts" "localhost" "-no-remote" "-profile" "C:\\Users\\HP\\AppData\\Local\\Temp\\rust_mozprofile0KQ3z7"
console.warn: services.settings: Ignoring preference override of remote settings server
console.warn: services.settings: Allow by setting MOZ_REMOTE_SETTINGS_DEVTOOLS=1 in the environment
1702556456426	Marionette	INFO	Marionette enabled
Dynamically enable window occlusion 0
1702556456505	Marionette	INFO	Listening on port 57705
WebDriver BiDi listening on ws://127.0.0.1:57697
Read port: 57705
1702556456722	RemoteAgent	WARN	TLS certificate errors will be ignored for this session
DevTools listening on ws://127.0.0.1:57697/devtools/browser/a9557dfb-cb83-44ef-96c2-cdb3906c9cfb
1702556476000	Marionette	INFO	Stopped listening on port 57705
Dynamically enable window occlusion 1
1702556513831	geckodriver	INFO	Listening on 127.0.0.1:57746
1702556516900	mozrunner::runner	INFO	Running command: "C:\\Program Files\\Mozilla Firefox\\firefox.exe" "--marionette" "--remote-debugging-port" "57747" "--remote-allow-hosts" "localhost" "-no-remote" "-profile" "C:\\Users\\HP\\AppData\\Local\\Temp\\rust_mozprofileDCv2Gg"
console.warn: services.settings: Ignoring preference override of remote settings server
console.warn: services.settings: Allow by setting MOZ_REMOTE_SETTINGS_DEVTOOLS=1 in the environment
1702556517257	Marionette	INFO	Marionette enabled
Dynamically enable window occlusion 0
1702556517338	Marionette	INFO	Listening on port 57754
Read port: 57754
WebDriver BiDi listening on ws://127.0.0.1:57747
1702556517416	RemoteAgent	WARN	TLS certificate errors will be ignored for this session
DevTools listening on ws://127.0.0.1:57747/devtools/browser/29f1eef9-a1f2-4934-9c75-76168702c614
1702556521198	Marionette	INFO	Stopped listening on port 57754
Dynamically enable window occlusion 1
1702556535010	geckodriver	INFO	Listening on 127.0.0.1:57789
1702556538088	mozrunner::runner	INFO	Running command: "C:\\Program Files\\Mozilla Firefox\\firefox.exe" "--marionette" "--remote-debugging-port" "57790" "--remote-allow-hosts" "localhost" "-no-remote" "-profile" "C:\\Users\\HP\\AppData\\Local\\Temp\\rust_mozprofileiUuV0w"
console.warn: services.settings: Ignoring preference override of remote settings server
console.warn: services.settings: Allow by setting MOZ_REMOTE_SETTINGS_DEVTOOLS=1 in the environment
1702556538463	Marionette	INFO	Marionette enabled
Dynamically enable window occlusion 0
1702556538543	Marionette	INFO	Listening on port 57797
WebDriver BiDi listening on ws://127.0.0.1:57790
Read port: 57797
1702556538765	RemoteAgent	WARN	TLS certificate errors will be ignored for this session
DevTools listening on ws://127.0.0.1:57790/devtools/browser/2b3d5ef1-2514-4dd5-8f41-38f4ed6e3355
1702556555415	Marionette	INFO	Stopped listening on port 57797
Dynamically enable window occlusion 1
1702557103343	geckodriver	INFO	Listening on 127.0.0.1:57936
1702557106412	mozrunner::runner	INFO	Running command: "C:\\Program Files\\Mozilla Firefox\\firefox.exe" "--marionette" "--remote-debugging-port" "57937" "--remote-allow-hosts" "localhost" "-no-remote" "-profile" "C:\\Users\\HP\\AppData\\Local\\Temp\\rust_mozprofileDKF5IV"
console.warn: services.settings: Ignoring preference override of remote settings server
console.warn: services.settings: Allow by setting MOZ_REMOTE_SETTINGS_DEVTOOLS=1 in the environment
1702557106790	Marionette	INFO	Marionette enabled
Dynamically enable window occlusion 0
1702557106872	Marionette	INFO	Listening on port 57945
WebDriver BiDi listening on ws://127.0.0.1:57937
Read port: 57945
1702557107091	RemoteAgent	WARN	TLS certificate errors will be ignored for this session
DevTools listening on ws://127.0.0.1:57937/devtools/browser/3a807180-37c2-4cfe-9669-38cc2cb2010c
1702557124400	Marionette	INFO	Stopped listening on port 57945
Dynamically enable window occlusion 1
1702557305081	geckodriver	INFO	Listening on 127.0.0.1:58003
1702557308165	mozrunner::runner	INFO	Running command: "C:\\Program Files\\Mozilla Firefox\\firefox.exe" "--marionette" "--remote-debugging-port" "58004" "--remote-allow-hosts" "localhost" "-no-remote" "-profile" "C:\\Users\\HP\\AppData\\Local\\Temp\\rust_mozprofile5u32fs"
console.warn: services.settings: Ignoring preference override of remote settings server
console.warn: services.settings: Allow by setting MOZ_REMOTE_SETTINGS_DEVTOOLS=1 in the environment
1702557308555	Marionette	INFO	Marionette enabled
Dynamically enable window occlusion 0
1702557308635	Marionette	INFO	Listening on port 58011
WebDriver BiDi listening on ws://127.0.0.1:58004
Read port: 58011
1702557308863	RemoteAgent	WARN	TLS certificate errors will be ignored for this session
DevTools listening on ws://127.0.0.1:58004/devtools/browser/3c7c9419-7958-4509-9967-608ac73a784d
1702557316792	Marionette	INFO	Stopped listening on port 58011
Dynamically enable window occlusion 1
1702557333358	geckodriver	INFO	Listening on 127.0.0.1:58050
1702557336439	mozrunner::runner	INFO	Running command: "C:\\Program Files\\Mozilla Firefox\\firefox.exe" "--marionette" "--remote-debugging-port" "58051" "--remote-allow-hosts" "localhost" "-no-remote" "-profile" "C:\\Users\\HP\\AppData\\Local\\Temp\\rust_mozprofileoVFneD"
console.warn: services.settings: Ignoring preference override of remote settings server
console.warn: services.settings: Allow by setting MOZ_REMOTE_SETTINGS_DEVTOOLS=1 in the environment
1702557336833	Marionette	INFO	Marionette enabled
Dynamically enable window occlusion 0
1702557336914	Marionette	INFO	Listening on port 58058
WebDriver BiDi listening on ws://127.0.0.1:58051
Read port: 58058
1702557337143	RemoteAgent	WARN	TLS certificate errors will be ignored for this session
DevTools listening on ws://127.0.0.1:58051/devtools/browser/917a83cc-7c9f-4a19-9219-c68c9e1aa180
1702557359424	Marionette	INFO	Stopped listening on port 58058
Dynamically enable window occlusion 1
1702557360680	geckodriver	INFO	Listening on 127.0.0.1:58098
1702557363744	mozrunner::runner	INFO	Running command: "C:\\Program Files\\Mozilla Firefox\\firefox.exe" "--marionette" "--remote-debugging-port" "58099" "--remote-allow-hosts" "localhost" "-no-remote" "-profile" "C:\\Users\\HP\\AppData\\Local\\Temp\\rust_mozprofile4uus8J"
console.warn: services.settings: Ignoring preference override of remote settings server
console.warn: services.settings: Allow by setting MOZ_REMOTE_SETTINGS_DEVTOOLS=1 in the environment
1702557364128	Marionette	INFO	Marionette enabled
Dynamically enable window occlusion 0
1702557364212	Marionette	INFO	Listening on port 58108
WebDriver BiDi listening on ws://127.0.0.1:58099
Read port: 58108
1702557364433	RemoteAgent	WARN	TLS certificate errors will be ignored for this session
DevTools listening on ws://127.0.0.1:58099/devtools/browser/22079af5-01a0-43a5-99b5-c70a474f0b48
1702557394865	addons.xpi	ERROR	System addon update list error SyntaxError: XMLHttpRequest.open: 'http://%(server)s/dummy-system-addons.xml' is not a valid URL.
1702557543510	Marionette	INFO	Stopped listening on port 58108
Dynamically enable window occlusion 1
ng command: "C:\\Program Files\\Mozilla Firefox\\firefox.exe" "--marionette" "--remote-debugging-port" "58157" "--remote-allow-hosts" "localhost" "-no-remote" "-profile" "C:\\Users\\HP\\AppData\\Local\\Temp\\rust_mozprofile5I0lhe"
console.warn: services.settings: Ignoring preference override of remote settings server
console.warn: services.settings: Allow by setting MOZ_REMOTE_SETTINGS_DEVTOOLS=1 in the environment
1702557443842	Marionette	INFO	Marionette enabled
Dynamically enable window occlusion 0
1702557443921	Marionette	INFO	Listening on port 58164
WebDriver BiDi listening on ws://127.0.0.1:58157
Read port: 58164
1702557444108	RemoteAgent	WARN	TLS certificate errors will be ignored for this session
DevTools listening on ws://127.0.0.1:58157/devtools/browser/184ae527-cf9d-4c09-8c8c-d2f1fd130daf
1702557461480	Marionette	INFO	Stopped listening on port 58164
Dynamically enable window occlusion 1
1702557546966	geckodriver	INFO	Listening on 127.0.0.1:58204
1702557550037	mozrunner::runner	INFO	Running command: "C:\\Program Files\\Mozilla Firefox\\firefox.exe" "--marionette" "--remote-debugging-port" "58205" "--remote-allow-hosts" "localhost" "-no-remote" "-profile" "C:\\Users\\HP\\AppData\\Local\\Temp\\rust_mozprofilezQ5oIn"
console.warn: services.settings: Ignoring preference override of remote settings server
console.warn: services.settings: Allow by setting MOZ_REMOTE_SETTINGS_DEVTOOLS=1 in the environment
1702557550395	Marionette	INFO	Marionette enabled
Dynamically enable window occlusion 0
1702557550473	Marionette	INFO	Listening on port 58212
Read port: 58212
WebDriver BiDi listening on ws://127.0.0.1:58205
1702557550553	RemoteAgent	WARN	TLS certificate errors will be ignored for this session
DevTools listening on ws://127.0.0.1:58205/devtools/browser/fa6353eb-05dd-4915-a967-de6db5d0b756
1702557559855	Marionette	INFO	Stopped listening on port 58212
Dynamically enable window occlusion 1
1703061759534	geckodriver	INFO	Listening on 127.0.0.1:49317
1703061762613	mozrunner::runner	INFO	Running command: "C:\\Program Files\\Mozilla Firefox\\firefox.exe" "--marionette" "--remote-debugging-port" "49318" "--remote-allow-hosts" "localhost" "-no-remote" "-profile" "C:\\Users\\HP\\AppData\\Local\\Temp\\rust_mozprofile4MCdKy"
console.warn: services.settings: Ignoring preference override of remote settings server
console.warn: services.settings: Allow by setting MOZ_REMOTE_SETTINGS_DEVTOOLS=1 in the environment
1703061763370	Marionette	INFO	Marionette enabled
Dynamically enable window occlusion 0
1703061763473	Marionette	INFO	Listening on port 49326
Read port: 49326
WebDriver BiDi listening on ws://127.0.0.1:49318
1703061763582	RemoteAgent	WARN	TLS certificate errors will be ignored for this session
DevTools listening on ws://127.0.0.1:49318/devtools/browser/864ff463-5934-4845-98e6-9ab349c6b2e7
1703061795290	addons.xpi	ERROR	System addon update list error SyntaxError: XMLHttpRequest.open: 'http://%(server)s/dummy-system-addons.xml' is not a valid URL.
console.error: services.settings: 
  main/search-config-v2 Signature failed  InvalidSignatureError: Invalid content signature (main/search-config-v2) using 'remote-settings.content-signature.mozilla.org-2024-01-19-16-42-21.chain'
console.error: services.settings: 
  main/search-config-v2 local data was corrupted
console.warn: services.settings: main/search-config-v2 Signature verified failed. Retry from scratch
JavaScript error: resource://gre/modules/AsyncShutdown.sys.mjs, line 573: NotFoundError: No such JSWindowActor 'DevToolsFrame'
1703062283762	Marionette	INFO	Stopped listening on port 49326
Dynamically enable window occlusion 1
1703062291090	geckodriver	INFO	Listening on 127.0.0.1:49541
1703062294139	mozrunner::runner	INFO	Running command: "C:\\Program Files\\Mozilla Firefox\\firefox.exe" "--marionette" "--remote-debugging-port" "49542" "--remote-allow-hosts" "localhost" "-no-remote" "-profile" "C:\\Users\\HP\\AppData\\Local\\Temp\\rust_mozprofileHqhGhW"
console.warn: services.settings: Ignoring preference override of remote settings server
console.warn: services.settings: Allow by setting MOZ_REMOTE_SETTINGS_DEVTOOLS=1 in the environment
1703062294540	Marionette	INFO	Marionette enabled
Dynamically enable window occlusion 0
1703062294619	Marionette	INFO	Listening on port 49551
WebDriver BiDi listening on ws://127.0.0.1:49542
Read port: 49551
1703062294846	RemoteAgent	WARN	TLS certificate errors will be ignored for this session
DevTools listening on ws://127.0.0.1:49542/devtools/browser/9590359a-1c67-48c8-8c61-e83272e55744
1703062303339	Marionette	INFO	Stopped listening on port 49551
Dynamically enable window occlusion 1
1703062499786	geckodriver	INFO	Listening on 127.0.0.1:49694
1703062502865	mozrunner::runner	INFO	Running command: "C:\\Program Files\\Mozilla Firefox\\firefox.exe" "--marionette" "--remote-debugging-port" "49695" "--remote-allow-hosts" "localhost" "-no-remote" "-profile" "C:\\Users\\HP\\AppData\\Local\\Temp\\rust_mozprofilethZTRY"
console.warn: services.settings: Ignoring preference override of remote settings server
console.warn: services.settings: Allow by setting MOZ_REMOTE_SETTINGS_DEVTOOLS=1 in the environment
1703062503248	Marionette	INFO	Marionette enabled
Dynamically enable window occlusion 0
1703062503330	Marionette	INFO	Listening on port 49704
WebDriver BiDi listening on ws://127.0.0.1:49695
Read port: 49704
1703062503556	RemoteAgent	WARN	TLS certificate errors will be ignored for this session
DevTools listening on ws://127.0.0.1:49695/devtools/browser/0f6a0133-a742-4c93-bf49-36dd71693948
1703062533992	addons.xpi	ERROR	System addon update list error SyntaxError: XMLHttpRequest.open: 'http://%(server)s/dummy-system-addons.xml' is not a valid URL.
console.error: services.settings: 
  main/search-config-v2 Signature failed  InvalidSignatureError: Invalid content signature (main/search-config-v2) using 'remote-settings.content-signature.mozilla.org-2024-01-19-16-42-21.chain'
console.error: services.settings: 
  main/search-config-v2 local data was corrupted
console.warn: services.settings: main/search-config-v2 Signature verified failed. Retry from scratch
JavaScript error: resource://gre/modules/AsyncShutdown.sys.mjs, line 573: NotFoundError: No such JSWindowActor 'DevToolsFrame'
1703062591444	Marionette	INFO	Stopped listening on port 49704
Dynamically enable window occlusion 1
1703062592424	geckodriver	INFO	Listening on 127.0.0.1:49787
1703062595499	mozrunner::runner	INFO	Running command: "C:\\Program Files\\Mozilla Firefox\\firefox.exe" "--marionette" "--remote-debugging-port" "49788" "--remote-allow-hosts" "localhost" "-no-remote" "-profile" "C:\\Users\\HP\\AppData\\Local\\Temp\\rust_mozprofileFmeEaJ"
console.warn: services.settings: Ignoring preference override of remote settings server
console.warn: services.settings: Allow by setting MOZ_REMOTE_SETTINGS_DEVTOOLS=1 in the environment
1703062595892	Marionette	INFO	Marionette enabled
Dynamically enable window occlusion 0
1703062595974	Marionette	INFO	Listening on port 49796
WebDriver BiDi listening on ws://127.0.0.1:49788
Read port: 49796
1703062596202	RemoteAgent	WARN	TLS certificate errors will be ignored for this session
DevTools listening on ws://127.0.0.1:49788/devtools/browser/f707f95e-f56f-40bc-a3bd-63ea79d6d099
1703062608846	Marionette	INFO	Stopped listening on port 49796
Dynamically enable window occlusion 1
1703062614303	geckodriver	INFO	Listening on 127.0.0.1:49850
1703062617364	mozrunner::runner	INFO	Running command: "C:\\Program Files\\Mozilla Firefox\\firefox.exe" "--marionette" "--remote-debugging-port" "49851" "--remote-allow-hosts" "localhost" "-no-remote" "-profile" "C:\\Users\\HP\\AppData\\Local\\Temp\\rust_mozprofileAuUL0e"
console.warn: services.settings: Ignoring preference override of remote settings server
console.warn: services.settings: Allow by setting MOZ_REMOTE_SETTINGS_DEVTOOLS=1 in the environment
1703062617761	Marionette	INFO	Marionette enabled
Dynamically enable window occlusion 0
1703062617843	Marionette	INFO	Listening on port 49860
WebDriver BiDi listening on ws://127.0.0.1:49851
Read port: 49860
1703062618071	RemoteAgent	WARN	TLS certificate errors will be ignored for this session
DevTools listening on ws://127.0.0.1:49851/devtools/browser/6daa432f-b61a-4b71-bca2-973d9a1b930f
1703062626156	Marionette	INFO	Stopped listening on port 49860
Dynamically enable window occlusion 1
1703063071768	geckodriver	INFO	Listening on 127.0.0.1:50329
1703063074847	mozrunner::runner	INFO	Running command: "C:\\Program Files\\Mozilla Firefox\\firefox.exe" "--marionette" "--remote-debugging-port" "50330" "--remote-allow-hosts" "localhost" "-no-remote" "-profile" "C:\\Users\\HP\\AppData\\Local\\Temp\\rust_mozprofile9k0uPq"
console.warn: services.settings: Ignoring preference override of remote settings server
console.warn: services.settings: Allow by setting MOZ_REMOTE_SETTINGS_DEVTOOLS=1 in the environment
1703063075224	Marionette	INFO	Marionette enabled
Dynamically enable window occlusion 0
1703063075305	Marionette	INFO	Listening on port 50338
WebDriver BiDi listening on ws://127.0.0.1:50330
Read port: 50338
1703063075528	RemoteAgent	WARN	TLS certificate errors will be ignored for this session
DevTools listening on ws://127.0.0.1:50330/devtools/browser/df469c43-6331-4146-96c3-071d2e58bc20
1703063083311	Marionette	INFO	Stopped listening on port 50338
Dynamically enable window occlusion 1
1703063226856	geckodriver	INFO	Listening on 127.0.0.1:50544
1703063229946	mozrunner::runner	INFO	Running command: "C:\\Program Files\\Mozilla Firefox\\firefox.exe" "--marionette" "--remote-debugging-port" "50545" "--remote-allow-hosts" "localhost" "-no-remote" "-profile" "C:\\Users\\HP\\AppData\\Local\\Temp\\rust_mozprofile4fzdV4"
console.warn: services.settings: Ignoring preference override of remote settings server
console.warn: services.settings: Allow by setting MOZ_REMOTE_SETTINGS_DEVTOOLS=1 in the environment
1703063230321	Marionette	INFO	Marionette enabled
Dynamically enable window occlusion 0
1703063230400	Marionette	INFO	Listening on port 50554
WebDriver BiDi listening on ws://127.0.0.1:50545
Read port: 50554
1703063230617	RemoteAgent	WARN	TLS certificate errors will be ignored for this session
DevTools listening on ws://127.0.0.1:50545/devtools/browser/13234785-40e6-4888-a095-a00dd6717cd1
1703063260538	addons.xpi	ERROR	System addon update list error SyntaxError: XMLHttpRequest.open: 'http://%(server)s/dummy-system-addons.xml' is not a valid URL.
console.error: services.settings: 
  main/search-config-v2 Signature failed  InvalidSignatureError: Invalid content signature (main/search-config-v2) using 'remote-settings.content-signature.mozilla.org-2024-01-19-16-42-21.chain'
console.error: services.settings: 
  main/search-config-v2 local data was corrupted
console.warn: services.settings: main/search-config-v2 Signature verified failed. Retry from scratch
JavaScript error: resource://gre/modules/AsyncShutdown.sys.mjs, line 573: NotFoundError: No such JSWindowActor 'DevToolsFrame'
1703063492721	Marionette	INFO	Stopped listening on port 50554
Dynamically enable window occlusion 1
osts" "localhost" "-no-remote" "-profile" "C:\\Users\\HP\\AppData\\Local\\Temp\\rust_mozprofileznNPkd"
console.warn: services.settings: Ignoring preference override of remote settings server
console.warn: services.settings: Allow by setting MOZ_REMOTE_SETTINGS_DEVTOOLS=1 in the environment
1703063488124	Marionette	INFO	Marionette enabled
Dynamically enable window occlusion 0
1703063488200	Marionette	INFO	Listening on port 50835
WebDriver BiDi listening on ws://127.0.0.1:50826
Read port: 50835
1703063488422	RemoteAgent	WARN	TLS certificate errors will be ignored for this session
DevTools listening on ws://127.0.0.1:50826/devtools/browser/efcccd05-d33a-472d-999c-81937e4e7649
1703063518277	addons.xpi	ERROR	System addon update list error SyntaxError: XMLHttpRequest.open: 'http://%(server)s/dummy-system-addons.xml' is not a valid URL.
console.error: services.settings: 
  main/search-config-v2 Signature failed  InvalidSignatureError: Invalid content signature (main/search-config-v2) using 'remote-settings.content-signature.mozilla.org-2024-01-19-16-42-21.chain'
console.error: services.settings: 
  main/search-config-v2 local data was corrupted
console.warn: services.settings: main/search-config-v2 Signature verified failed. Retry from scratch
1703063522024	Marionette	INFO	Stopped listening on port 50835
Dynamically enable window occlusion 1
1703063530631	geckodriver	INFO	Listening on 127.0.0.1:50899
1703063533698	mozrunner::runner	INFO	Running command: "C:\\Program Files\\Mozilla Firefox\\firefox.exe" "--marionette" "--remote-debugging-port" "50900" "--remote-allow-hosts" "localhost" "-no-remote" "-profile" "C:\\Users\\HP\\AppData\\Local\\Temp\\rust_mozprofileEmFhEG"
console.warn: services.settings: Ignoring preference override of remote settings server
console.warn: services.settings: Allow by setting MOZ_REMOTE_SETTINGS_DEVTOOLS=1 in the environment
1703063534062	Marionette	INFO	Marionette enabled
Dynamically enable window occlusion 0
1703063534138	Marionette	INFO	Listening on port 50909
WebDriver BiDi listening on ws://127.0.0.1:50900
Read port: 50909
1703063534365	RemoteAgent	WARN	TLS certificate errors will be ignored for this session
DevTools listening on ws://127.0.0.1:50900/devtools/browser/2249eaa8-837d-4033-babc-fd4f80edff38
1703063546671	Marionette	INFO	Stopped listening on port 50909
Dynamically enable window occlusion 1
1703063755677	geckodriver	INFO	Listening on 127.0.0.1:51055
1703063758737	mozrunner::runner	INFO	Running command: "C:\\Program Files\\Mozilla Firefox\\firefox.exe" "--marionette" "--remote-debugging-port" "51056" "--remote-allow-hosts" "localhost" "-no-remote" "-profile" "C:\\Users\\HP\\AppData\\Local\\Temp\\rust_mozprofilek1tQRl"
console.warn: services.settings: Ignoring preference override of remote settings server
console.warn: services.settings: Allow by setting MOZ_REMOTE_SETTINGS_DEVTOOLS=1 in the environment
1703063759120	Marionette	INFO	Marionette enabled
Dynamically enable window occlusion 0
1703063759198	Marionette	INFO	Listening on port 51065
WebDriver BiDi listening on ws://127.0.0.1:51056
Read port: 51065
1703063759417	RemoteAgent	WARN	TLS certificate errors will be ignored for this session
DevTools listening on ws://127.0.0.1:51056/devtools/browser/13b94232-b5c2-423d-a29f-c3207c592508
1703063789153	addons.xpi	ERROR	System addon update list error SyntaxError: XMLHttpRequest.open: 'http://%(server)s/dummy-system-addons.xml' is not a valid URL.
console.error: services.settings: 
  main/search-config-v2 Signature failed  InvalidSignatureError: Invalid content signature (main/search-config-v2) using 'remote-settings.content-signature.mozilla.org-2024-01-19-16-42-21.chain'
console.error: services.settings: 
  main/search-config-v2 local data was corrupted
console.warn: services.settings: main/search-config-v2 Signature verified failed. Retry from scratch
JavaScript error: resource://gre/modules/AsyncShutdown.sys.mjs, line 573: NotFoundError: No such JSWindowActor 'DevToolsFrame'
1703063965293	Marionette	INFO	Stopped listening on port 51065
Dynamically enable window occlusion 1
1703065351644	geckodriver	INFO	Listening on 127.0.0.1:51553
1703065354735	mozrunner::runner	INFO	Running command: "C:\\Program Files\\Mozilla Firefox\\firefox.exe" "--marionette" "--remote-debugging-port" "51554" "--remote-allow-hosts" "localhost" "-no-remote" "-profile" "C:\\Users\\HP\\AppData\\Local\\Temp\\rust_mozprofileuaDxqB"
console.warn: services.settings: Ignoring preference override of remote settings server
console.warn: services.settings: Allow by setting MOZ_REMOTE_SETTINGS_DEVTOOLS=1 in the environment
1703065355527	Marionette	INFO	Marionette enabled
Dynamically enable window occlusion 0
1703065355628	Marionette	INFO	Listening on port 51561
WebDriver BiDi listening on ws://127.0.0.1:51554
Read port: 51561
1703065355907	RemoteAgent	WARN	TLS certificate errors will be ignored for this session
DevTools listening on ws://127.0.0.1:51554/devtools/browser/de31b027-bf76-4a4f-8e04-dad77bf1bbcc
1703065364868	Marionette	INFO	Stopped listening on port 51561
Dynamically enable window occlusion 1
1704898119450	geckodriver	INFO	Listening on 127.0.0.1:50379
1704898122625	mozrunner::runner	INFO	Running command: "C:\\Program Files\\Mozilla Firefox\\firefox.exe" "--marionette" "--remote-debugging-port" "50380" "--remote-allow-hosts" "localhost" "-no-remote" "-profile" "C:\\Users\\HP\\AppData\\Local\\Temp\\rust_mozprofileFywpeZ"
console.warn: services.settings: Ignoring preference override of remote settings server
console.warn: services.settings: Allow by setting MOZ_REMOTE_SETTINGS_DEVTOOLS=1 in the environment
1704898126457	Marionette	INFO	Marionette enabled
Dynamically enable window occlusion 0
1704898127464	Marionette	INFO	Listening on port 50391
Read port: 50391
WebDriver BiDi listening on ws://127.0.0.1:50380
Read port: 50391
1704898131174	RemoteAgent	WARN	TLS certificate errors will be ignored for this session
DevTools listening on ws://127.0.0.1:50380/devtools/browser/560943ba-3f42-4469-a93e-728404222243
1704898140402	Marionette	INFO	Stopped listening on port 50391
Dynamically enable window occlusion 1
